ncnn-android-yolov8-main/ncnn-android-yolov8/app/build/intermediates/manifest_merge_blame_file/debug/manifest-merger-blame-debug-report.txt
1<?xml version="1.0" encoding="utf-8"?>
2<manifest xmlns:android="http://schemas.android.com/apk/res/android"
3    package="com.tencent.yolov8ncnn"
4    android:versionCode="1"
5    android:versionName="1.1" >
6
7    <uses-sdk
8        android:minSdkVersion="24"
8-->src\main\AndroidManifest.xml
9        android:targetSdkVersion="33" />
9-->src\main\AndroidManifest.xml
10
11    <uses-permission android:name="android.permission.CAMERA" />
11-->src\main\AndroidManifest.xml:7:5-65
11-->src\main\AndroidManifest.xml:7:22-62
12
13    <uses-feature android:name="android.hardware.camera2.full" />
13-->src\main\AndroidManifest.xml:8:5-66
13-->src\main\AndroidManifest.xml:8:19-63
14
15    <uses-permission android:name="android.permission.INTERNET" />
15-->src\main\AndroidManifest.xml:9:5-67
15-->src\main\AndroidManifest.xml:9:22-64
16    <uses-permission android:name="android.permission.READ_EXTERNAL_STORAGE" />
16-->src\main\AndroidManifest.xml:10:5-79
16-->src\main\AndroidManifest.xml:10:22-77
17    <uses-permission android:name="android.permission.WRITE_EXTERNAL_STORAGE" />
17-->src\main\AndroidManifest.xml:11:5-80
17-->src\main\AndroidManifest.xml:11:22-78
18
19    <application
19-->src\main\AndroidManifest.xml:13:5-37:19
20        android:appComponentFactory="androidx.core.app.CoreComponentFactory"
20-->[androidx.core:core:1.5.0] AndroidManifest.xml:24:18-86
21        android:debuggable="true"
22        android:extractNativeLibs="false"
23        android:label="@string/app_name"
23-->src\main\AndroidManifest.xml:15:9-41
24        android:testOnly="true"
25        android:usesCleartextTraffic="true" >
25-->src\main\AndroidManifest.xml:14:9-44
26        <activity
26-->src\main\AndroidManifest.xml:17:9-26:20
27            android:name="com.tencent.yolov8ncnn.NewMainActivity"
27-->src\main\AndroidManifest.xml:17:19-50
28            android:exported="true"
28-->src\main\AndroidManifest.xml:21:13-36
29            android:label="@string/app_name"
29-->src\main\AndroidManifest.xml:18:13-45
30            android:screenOrientation="portrait"
30-->src\main\AndroidManifest.xml:20:13-49
31            android:theme="@style/Theme.AppCompat" >
31-->src\main\AndroidManifest.xml:19:13-51
32            <intent-filter>
32-->src\main\AndroidManifest.xml:22:13-25:29
33                <action android:name="android.intent.action.MAIN" />
33-->src\main\AndroidManifest.xml:23:17-69
33-->src\main\AndroidManifest.xml:23:25-66
34
35                <category android:name="android.intent.category.LAUNCHER" />
35-->src\main\AndroidManifest.xml:24:17-77
35-->src\main\AndroidManifest.xml:24:27-74
36            </intent-filter>
37        </activity>
38        <activity
38-->src\main\AndroidManifest.xml:28:9-30:20
39            android:name="com.tencent.yolov8ncnn.CloudDetectionActivity"
39-->src\main\AndroidManifest.xml:28:19-56
40            android:label="云端检测" >
40-->src\main\AndroidManifest.xml:29:13-33
41        </activity>
42        <activity
42-->src\main\AndroidManifest.xml:32:9-36:20
43            android:name="com.tencent.yolov8ncnn.LocalDetectionActivity"
43-->src\main\AndroidManifest.xml:32:19-57
44            android:exported="true"
44-->src\main\AndroidManifest.xml:35:13-36
45            android:label="@string/app_name"
45-->src\main\AndroidManifest.xml:33:13-45
46            android:screenOrientation="portrait" >
46-->src\main\AndroidManifest.xml:34:13-49
47        </activity>
48
49        <provider
49-->[com.squareup.picasso:picasso:2.71828] AndroidManifest.xml:8:9-11:40
50            android:name="com.squareup.picasso.PicassoProvider"
50-->[com.squareup.picasso:picasso:2.71828] AndroidManifest.xml:9:13-64
51            android:authorities="com.tencent.yolov8ncnn.com.squareup.picasso"
51-->[com.squareup.picasso:picasso:2.71828] AndroidManifest.xml:10:13-72
52            android:exported="false" />
52-->[com.squareup.picasso:picasso:2.71828] AndroidManifest.xml:11:13-37
53    </application>
54
55</manifest>